<!DOCTYPE html>
<html>
<head>
    <title>Unittest Results</title>
    <meta charset="utf-8">
    <meta name="viewport" content="width=device-width, initial-scale=1.0">
    <link rel="stylesheet" href="https://maxcdn.bootstrapcdn.com/bootstrap/3.3.6/css/bootstrap.min.css" integrity="sha384-1q8mTJOASx8j1Au+a5WDVnPi2lkFfwwEAa8hDDdjZlpLegxhjVME1fgjWPGmkzs7" crossorigin="anonymous">
</head>
<body>
    <div class="container">
        <div class="row">
            <div class="col-xs-12">
                <h2 class="text-capitalize">Unittest Results</h2>
                <p class='attribute'><strong>Start Time: </strong>2024-11-06 03:39:38</p>
                <p class='attribute'><strong>Duration: </strong>13.65 s</p>
                <p class='attribute'><strong>Summary: </strong>Total: 1, Pass: 0, Error: 1</p>
            </div>
        </div>
        <div class="row">
            <div class="col-xs-12 col-sm-10 col-md-10">
                <table class='table table-hover table-responsive'>
                    <thead>
                        <tr>
                            <th>__main__.TestContactForm</th>
                            <th>Status</th>
                            <th></th>
                        </tr>
                    </thead>
                    <tbody>
                        <tr class='warning'>
                            <td class="col-xs-10">test_contact_form</td>
                            <td class="col-xs-1">
                                <span class="label label-warning" style="display:block;width:40px;">Error</span>
                            </td>
                            <td class="col-xs-1">
                                <button class="btn btn-default btn-xs">View</button>
                            </td>
                        </tr>
                        <tr style="display:none;">
                            <td class="col-xs-9" colspan="3"><p style="color:maroon;">NoSuchElementException: Message: no such element: Unable to locate element: {"method":"css selector","selector":"[id="input-password"]"}
  (Session info: chrome=130.0.6723.93); For documentation on this error, please visit: https://www.selenium.dev/documentation/webdriver/troubleshooting/errors#no-such-element-exception
Stacktrace:
	GetHandleVerifier [0x00007FF7CF473B05+28005]
	(No symbol) [0x00007FF7CF3D8400]
	(No symbol) [0x00007FF7CF27580A]
	(No symbol) [0x00007FF7CF2C5A3E]
	(No symbol) [0x00007FF7CF2C5D2C]
	(No symbol) [0x00007FF7CF30EA97]
	(No symbol) [0x00007FF7CF2EBA7F]
	(No symbol) [0x00007FF7CF30B8B3]
	(No symbol) [0x00007FF7CF2EB7E3]
	(No symbol) [0x00007FF7CF2B75C8]
	(No symbol) [0x00007FF7CF2B8731]
	GetHandleVerifier [0x00007FF7CF76647D+3118813]
	GetHandleVerifier [0x00007FF7CF7B6CD0+3448624]
	GetHandleVerifier [0x00007FF7CF7ACF4D+3408301]
	GetHandleVerifier [0x00007FF7CF53A45B+841403]
	(No symbol) [0x00007FF7CF3E345F]
	(No symbol) [0x00007FF7CF3DF4D4]
	(No symbol) [0x00007FF7CF3DF66D]
	(No symbol) [0x00007FF7CF3CEBC9]
	BaseThreadInitThunk [0x00007FFDBADE257D+29]
	RtlUserThreadStart [0x00007FFDBBAEAF08+40]
</p><p style="color:maroon;">Traceback (most recent call last):
  File "C:\Users\josel\AppData\Local\Temp\ipykernel_1876\2751105646.py", line 73, in test_contact_form
    password = self.driver.find_element(By.ID, "input-password")
               ^^^^^^^^^^^^^^^^^^^^^^^^^^^^^^^^^^^^^^^^^^^^^^^^^
  File "c:\Users\josel\Universidad\2-2024\taller-v\proyecto-final\.venv\Lib\site-packages\selenium\webdriver\remote\webdriver.py", line 766, in find_element
    return self.execute(Command.FIND_ELEMENT, {"using": by, "value": value})["value"]
           ^^^^^^^^^^^^^^^^^^^^^^^^^^^^^^^^^^^^^^^^^^^^^^^^^^^^^^^^^^^^^^^^^
  File "c:\Users\josel\Universidad\2-2024\taller-v\proyecto-final\.venv\Lib\site-packages\selenium\webdriver\remote\webdriver.py", line 380, in execute
    self.error_handler.check_response(response)
  File "c:\Users\josel\Universidad\2-2024\taller-v\proyecto-final\.venv\Lib\site-packages\selenium\webdriver\remote\errorhandler.py", line 229, in check_response
    raise exception_class(message, screen, stacktrace)
selenium.common.exceptions.NoSuchElementException: Message: no such element: Unable to locate element: {"method":"css selector","selector":"[id="input-password"]"}
  (Session info: chrome=130.0.6723.93); For documentation on this error, please visit: https://www.selenium.dev/documentation/webdriver/troubleshooting/errors#no-such-element-exception
Stacktrace:
	GetHandleVerifier [0x00007FF7CF473B05+28005]
	(No symbol) [0x00007FF7CF3D8400]
	(No symbol) [0x00007FF7CF27580A]
	(No symbol) [0x00007FF7CF2C5A3E]
	(No symbol) [0x00007FF7CF2C5D2C]
	(No symbol) [0x00007FF7CF30EA97]
	(No symbol) [0x00007FF7CF2EBA7F]
	(No symbol) [0x00007FF7CF30B8B3]
	(No symbol) [0x00007FF7CF2EB7E3]
	(No symbol) [0x00007FF7CF2B75C8]
	(No symbol) [0x00007FF7CF2B8731]
	GetHandleVerifier [0x00007FF7CF76647D+3118813]
	GetHandleVerifier [0x00007FF7CF7B6CD0+3448624]
	GetHandleVerifier [0x00007FF7CF7ACF4D+3408301]
	GetHandleVerifier [0x00007FF7CF53A45B+841403]
	(No symbol) [0x00007FF7CF3E345F]
	(No symbol) [0x00007FF7CF3DF4D4]
	(No symbol) [0x00007FF7CF3DF66D]
	(No symbol) [0x00007FF7CF3CEBC9]
	BaseThreadInitThunk [0x00007FFDBADE257D+29]
	RtlUserThreadStart [0x00007FFDBBAEAF08+40]

</p>
                            </td>
                        </tr>
                        <tr>
                            <td colspan="3">
                                Total: 1, Pass: 0, Error: 1 -- Duration: 13.65 s
                            </td>
                        </tr>
                    </tbody>
                </table>
            </div>
        </div>
    </div>
    <script src="https://ajax.googleapis.com/ajax/libs/jquery/2.2.4/jquery.min.js"></script>
    <script type="text/javascript">
        $(document).ready(function(){
            $('td').on('click', '.btn', function(e){
                e.preventDefault();
                e.stopImmediatePropagation();
                var $this = $(this);
                var $nextRow = $this.closest('tr').next('tr');
                $nextRow.slideToggle("fast");
                $this.text(function(i, text){
                    if (text === 'View') {
                        return 'Hide';
                    } else {
                        return 'View';
                    };
                });
            });
        });
    </script>
</body>
</html